\BOOKMARK [0][-]{chapter*.1}{Abstract}{}% 1
\BOOKMARK [0][-]{chapter*.2}{Acknowledgments}{}% 2
\BOOKMARK [0][-]{chapter*.5}{List of Tables}{}% 3
\BOOKMARK [0][-]{chapter*.6}{List of Figures}{}% 4
\BOOKMARK [0][-]{chapter.1}{Introduction}{}% 5
\BOOKMARK [1][-]{section.1.1}{Multidimensional Scaling}{chapter.1}% 6
\BOOKMARK [1][-]{section.1.2}{Random Forest for Manifold Learning}{chapter.1}% 7
\BOOKMARK [0][-]{chapter.2}{Classical Multidimensional Scaling with Perturbation}{}% 8
\BOOKMARK [1][-]{section.2.1}{Review of Classical Multidimensional Scaling}{chapter.2}% 9
\BOOKMARK [1][-]{section.2.2}{Noise Models and Embedding}{chapter.2}% 10
\BOOKMARK [2][-]{subsection.2.2.1}{Model 1: 2 = D2 + E}{section.2.2}% 11
\BOOKMARK [2][-]{subsection.2.2.2}{Model 2: = D + E}{section.2.2}% 12
\BOOKMARK [2][-]{subsection.2.2.3}{Model 3: Matrix Completion}{section.2.2}% 13
\BOOKMARK [1][-]{section.2.3}{Related Works}{chapter.2}% 14
\BOOKMARK [1][-]{section.2.4}{Main Theorems}{chapter.2}% 15
\BOOKMARK [1][-]{section.2.5}{Empirical Results}{chapter.2}% 16
\BOOKMARK [2][-]{subsection.2.5.1}{Three Point-mass Simulated Data}{section.2.5}% 17
\BOOKMARK [2][-]{subsection.2.5.2}{Shape clustering}{section.2.5}% 18
\BOOKMARK [1][-]{section.2.6}{Discussion}{chapter.2}% 19
\BOOKMARK [1][-]{section.2.7}{Application: Omni Embedding of graphs and Hypothesis Testing}{chapter.2}% 20
\BOOKMARK [1][-]{section.2.8}{Proof of the Theorems}{chapter.2}% 21
\BOOKMARK [2][-]{subsection.2.8.1}{Proof of Theorem 2.4.3}{section.2.8}% 22
\BOOKMARK [2][-]{subsection.2.8.2}{Adaptation for Theorem 2.4.1 and 2.4.4}{section.2.8}% 23
\BOOKMARK [0][-]{chapter*.15}{Vita}{}% 24
